0 info it worked if it ends with ok
1 verbose cli [ 'C:\\Program Files\\nodejs\\node.exe',
1 verbose cli   'C:\\Program Files\\nodejs\\node_modules\\npm\\bin\\npm-cli.js',
1 verbose cli   'run',
1 verbose cli   'dts' ]
2 info using npm@3.10.8
3 info using node@v6.9.1
4 verbose run-script [ 'predts', 'dts', 'postdts' ]
5 info lifecycle front-end@0.0.0~predts: front-end@0.0.0
6 silly lifecycle front-end@0.0.0~predts: no script for predts, continuing
7 info lifecycle front-end@0.0.0~dts: front-end@0.0.0
8 verbose lifecycle front-end@0.0.0~dts: unsafe-perm in lifecycle true
9 verbose lifecycle front-end@0.0.0~dts: PATH: C:\Program Files\nodejs\node_modules\npm\bin\node-gyp-bin;C:\Users\mikec\OneDrive\Projects\MVCTest\FrontEnd\node_modules\.bin;C:\Windows\system32;C:\Windows;C:\Windows\System32\Wbem;C:\Windows\System32\WindowsPowerShell\v1.0\;C:\Program Files (x86)\NVIDIA Corporation\PhysX\Common;C:\WINDOWS\system32;C:\WINDOWS;C:\WINDOWS\System32\Wbem;C:\WINDOWS\System32\WindowsPowerShell\v1.0\;C:\WINDOWS\system32\config\systemprofile\.dnx\bin;C:\Program Files\Microsoft DNX\Dnvm\;C:\Program Files\Microsoft SQL Server\120\Tools\Binn\;C:\Program Files\Microsoft SQL Server\130\Tools\Binn\;C:\Program Files\nodejs\;C:\Program Files\dotnet\;C:\Program Files\Git\cmd;C:\Users\mikec\AppData\Local\Microsoft\WindowsApps;C:\Users\mikec\AppData\Local\atom\bin;C:\Users\mikec\AppData\Roaming\npm;%USERPROFILE%\AppData\Local\Microsoft\WindowsApps;
10 verbose lifecycle front-end@0.0.0~dts: CWD: C:\Users\mikec\OneDrive\Projects\MVCTest\FrontEnd
11 silly lifecycle front-end@0.0.0~dts: Args: [ '/d /s /c', 'node build/generate_dts.js' ]
12 silly lifecycle front-end@0.0.0~dts: Returned: code: 1  signal: null
13 info lifecycle front-end@0.0.0~dts: Failed to exec dts script
14 verbose stack Error: front-end@0.0.0 dts: `node build/generate_dts.js`
14 verbose stack Exit status 1
14 verbose stack     at EventEmitter.<anonymous> (C:\Program Files\nodejs\node_modules\npm\lib\utils\lifecycle.js:255:16)
14 verbose stack     at emitTwo (events.js:106:13)
14 verbose stack     at EventEmitter.emit (events.js:191:7)
14 verbose stack     at ChildProcess.<anonymous> (C:\Program Files\nodejs\node_modules\npm\lib\utils\spawn.js:40:14)
14 verbose stack     at emitTwo (events.js:106:13)
14 verbose stack     at ChildProcess.emit (events.js:191:7)
14 verbose stack     at maybeClose (internal/child_process.js:877:16)
14 verbose stack     at Process.ChildProcess._handle.onexit (internal/child_process.js:226:5)
15 verbose pkgid front-end@0.0.0
16 verbose cwd C:\Users\mikec\OneDrive\Projects\MVCTest\FrontEnd
17 error Windows_NT 10.0.15063
18 error argv "C:\\Program Files\\nodejs\\node.exe" "C:\\Program Files\\nodejs\\node_modules\\npm\\bin\\npm-cli.js" "run" "dts"
19 error node v6.9.1
20 error npm  v3.10.8
21 error code ELIFECYCLE
22 error front-end@0.0.0 dts: `node build/generate_dts.js`
22 error Exit status 1
23 error Failed at the front-end@0.0.0 dts script 'node build/generate_dts.js'.
23 error Make sure you have the latest version of node.js and npm installed.
23 error If you do, this is most likely a problem with the front-end package,
23 error not with npm itself.
23 error Tell the author that this fails on your system:
23 error     node build/generate_dts.js
23 error You can get information on how to open an issue for this project with:
23 error     npm bugs front-end
23 error Or if that isn't available, you can get their info via:
23 error     npm owner ls front-end
23 error There is likely additional logging output above.
24 verbose exit [ 1, true ]
